# Logfile created on Sat Jul 05 11:23:58 -0500 2014 by logger.rb/1.2.6
I, [2014-07-05T11:23:58.824261 #28258]  INFO -- : 0:  rake (0.9.2.2) from /home/xavier/.rvm/gems/ruby-1.8.7-p374@global/specifications/rake-0.9.2.2.gemspec
I, [2014-07-05T11:23:58.825068 #28258]  INFO -- : 0:  activesupport (2.3.18) from /home/xavier/.rvm/gems/ruby-1.8.7-p374/specifications/activesupport-2.3.18.gemspec
I, [2014-07-05T11:23:58.825633 #28258]  INFO -- : 0:  rack (1.1.6) from /home/xavier/.rvm/gems/ruby-1.8.7-p374/specifications/rack-1.1.6.gemspec
I, [2014-07-05T11:23:58.826354 #28258]  INFO -- : 0:  actionpack (2.3.18) from /home/xavier/.rvm/gems/ruby-1.8.7-p374/specifications/actionpack-2.3.18.gemspec
I, [2014-07-05T11:23:58.827013 #28258]  INFO -- : 0:  actionmailer (2.3.18) from /home/xavier/.rvm/gems/ruby-1.8.7-p374/specifications/actionmailer-2.3.18.gemspec
I, [2014-07-05T11:23:58.827744 #28258]  INFO -- : 0:  activerecord (2.3.18) from /home/xavier/.rvm/gems/ruby-1.8.7-p374/specifications/activerecord-2.3.18.gemspec
I, [2014-07-05T11:23:58.828466 #28258]  INFO -- : 0:  activeresource (2.3.18) from /home/xavier/.rvm/gems/ruby-1.8.7-p374/specifications/activeresource-2.3.18.gemspec
I, [2014-07-05T11:23:58.957024 #28258]  INFO -- : 0:  declarative_authorization (0.5.7) from /home/xavier/Dev/declarative_authorization/declarative_authorization.gemspec
I, [2014-07-05T11:23:58.957758 #28258]  INFO -- : 0:  json (1.8.1) from /home/xavier/.rvm/gems/ruby-1.8.7-p374/specifications/json-1.8.1.gemspec
I, [2014-07-05T11:24:00.088244 #28258]  INFO -- : 0:  minitest (5.3.5) from /home/xavier/.rvm/gems/ruby-1.8.7-p374/specifications/minitest-5.3.5.gemspec
I, [2014-07-05T11:24:00.089013 #28258]  INFO -- : 0:  rails (2.3.18) from /home/xavier/.rvm/gems/ruby-1.8.7-p374/specifications/rails-2.3.18.gemspec
I, [2014-07-05T11:24:00.089559 #28258]  INFO -- : 0:  rdoc (4.1.0) from /home/xavier/.rvm/gems/ruby-1.8.7-p374/specifications/rdoc-4.1.0.gemspec
I, [2014-07-05T11:24:00.090079 #28258]  INFO -- : 0:  sexp_processor (4.4.1) from /home/xavier/.rvm/gems/ruby-1.8.7-p374/specifications/sexp_processor-4.4.1.gemspec
I, [2014-07-05T11:24:00.090731 #28258]  INFO -- : 0:  ruby_parser (3.2.2) from /home/xavier/.rvm/gems/ruby-1.8.7-p374/specifications/ruby_parser-3.2.2.gemspec
I, [2014-07-05T11:24:00.091315 #28258]  INFO -- : 0:  sqlite3 (1.3.8) from /home/xavier/.rvm/gems/ruby-1.8.7-p374/specifications/sqlite3-1.3.8.gemspec
I, [2014-07-05T11:24:00.091920 #28258]  INFO -- : 0:  bundler (1.5.1) from /home/xavier/.rvm/gems/ruby-1.8.7-p374/specifications/bundler-1.5.1.gemspec
I, [2014-07-05T11:49:54.378366 #29190]  INFO -- : 0:  rake (10.3.2) from /home/xavier/.rvm/gems/ruby-1.9.3-p484/specifications/rake-10.3.2.gemspec
I, [2014-07-05T11:49:55.241922 #29190]  INFO -- : 0:  multi_json (1.10.1) from /home/xavier/.rvm/gems/ruby-1.9.3-p484/specifications/multi_json-1.10.1.gemspec
I, [2014-07-05T11:49:57.064060 #29190]  INFO -- : 0:  activesupport (3.1.12) from /home/xavier/.rvm/gems/ruby-1.9.3-p484/specifications/activesupport-3.1.12.gemspec
I, [2014-07-05T11:49:57.064979 #29190]  INFO -- : 0:  builder (3.0.4) from /home/xavier/.rvm/gems/ruby-1.9.3-p484/specifications/builder-3.0.4.gemspec
I, [2014-07-05T11:49:57.066772 #29190]  INFO -- : 0:  i18n (0.6.9) from /home/xavier/.rvm/gems/ruby-1.9.3-p484/specifications/i18n-0.6.9.gemspec
I, [2014-07-05T11:49:58.034705 #29190]  INFO -- : 0:  activemodel (3.1.12) from /home/xavier/.rvm/gems/ruby-1.9.3-p484/specifications/activemodel-3.1.12.gemspec
I, [2014-07-05T11:49:58.035306 #29190]  INFO -- : 0:  erubis (2.7.0) from /home/xavier/.rvm/gems/ruby-1.9.3-p484/specifications/erubis-2.7.0.gemspec
I, [2014-07-05T11:49:59.428066 #29190]  INFO -- : 0:  rack (1.3.10) from /home/xavier/.rvm/gems/ruby-1.9.3-p484/specifications/rack-1.3.10.gemspec
I, [2014-07-05T11:49:59.428884 #29190]  INFO -- : 0:  rack-cache (1.2) from /home/xavier/.rvm/gems/ruby-1.9.3-p484/specifications/rack-cache-1.2.gemspec
I, [2014-07-05T11:50:00.250821 #29190]  INFO -- : 0:  rack-mount (0.8.3) from /home/xavier/.rvm/gems/ruby-1.9.3-p484/specifications/rack-mount-0.8.3.gemspec
I, [2014-07-05T11:50:00.252222 #29190]  INFO -- : 0:  rack-test (0.6.2) from /home/xavier/.rvm/gems/ruby-1.9.3-p484/specifications/rack-test-0.6.2.gemspec
I, [2014-07-05T11:50:00.252823 #29190]  INFO -- : 0:  hike (1.2.3) from /home/xavier/.rvm/gems/ruby-1.9.3-p484/specifications/hike-1.2.3.gemspec
I, [2014-07-05T11:50:00.253273 #29190]  INFO -- : 0:  tilt (1.4.1) from /home/xavier/.rvm/gems/ruby-1.9.3-p484/specifications/tilt-1.4.1.gemspec
I, [2014-07-05T11:50:01.134782 #29190]  INFO -- : 0:  sprockets (2.0.4) from /home/xavier/.rvm/gems/ruby-1.9.3-p484/specifications/sprockets-2.0.4.gemspec
I, [2014-07-05T11:50:02.661675 #29190]  INFO -- : 0:  actionpack (3.1.12) from /home/xavier/.rvm/gems/ruby-1.9.3-p484/specifications/actionpack-3.1.12.gemspec
I, [2014-07-05T11:50:02.662546 #29190]  INFO -- : 0:  mime-types (1.25.1) from /home/xavier/.rvm/gems/ruby-1.9.3-p484/specifications/mime-types-1.25.1.gemspec
I, [2014-07-05T11:50:03.355708 #29190]  INFO -- : 0:  polyglot (0.3.5) from /home/xavier/.rvm/gems/ruby-1.9.3-p484/specifications/polyglot-0.3.5.gemspec
I, [2014-07-05T11:50:03.356437 #29190]  INFO -- : 0:  treetop (1.4.15) from /home/xavier/.rvm/gems/ruby-1.9.3-p484/specifications/treetop-1.4.15.gemspec
I, [2014-07-05T11:50:04.691197 #29190]  INFO -- : 0:  mail (2.4.4) from /home/xavier/.rvm/gems/ruby-1.9.3-p484/specifications/mail-2.4.4.gemspec
I, [2014-07-05T11:50:05.521979 #29190]  INFO -- : 0:  actionmailer (3.1.12) from /home/xavier/.rvm/gems/ruby-1.9.3-p484/specifications/actionmailer-3.1.12.gemspec
I, [2014-07-05T11:50:06.594499 #29190]  INFO -- : 0:  arel (2.2.3) from /home/xavier/.rvm/gems/ruby-1.9.3-p484/specifications/arel-2.2.3.gemspec
I, [2014-07-05T11:50:08.465623 #29190]  INFO -- : 0:  tzinfo (0.3.39) from /home/xavier/.rvm/gems/ruby-1.9.3-p484/specifications/tzinfo-0.3.39.gemspec
I, [2014-07-05T11:50:10.161200 #29190]  INFO -- : 0:  activerecord (3.1.12) from /home/xavier/.rvm/gems/ruby-1.9.3-p484/specifications/activerecord-3.1.12.gemspec
I, [2014-07-05T11:50:10.976481 #29190]  INFO -- : 0:  activeresource (3.1.12) from /home/xavier/.rvm/gems/ruby-1.9.3-p484/specifications/activeresource-3.1.12.gemspec
I, [2014-07-05T11:50:10.977268 #29190]  INFO -- : 0:  bundler (1.5.1) from /home/xavier/.rvm/gems/ruby-1.9.3-p484/specifications/bundler-1.5.1.gemspec
I, [2014-07-05T11:50:11.150343 #29190]  INFO -- : 0:  declarative_authorization (0.5.7) from /home/xavier/Dev/declarative_authorization/declarative_authorization.gemspec
I, [2014-07-05T11:50:11.151067 #29190]  INFO -- : 0:  json (1.8.1) from /home/xavier/.rvm/gems/ruby-1.9.3-p484/specifications/json-1.8.1.gemspec
I, [2014-07-05T11:50:12.091949 #29190]  INFO -- : 0:  minitest (4.7.5) from /home/xavier/.rvm/gems/ruby-1.9.3-p484/specifications/minitest-4.7.5.gemspec
I, [2014-07-05T11:50:13.047824 #29190]  INFO -- : 0:  minitest-test (1.1.0) from /home/xavier/.rvm/gems/ruby-1.9.3-p484/specifications/minitest-test-1.1.0.gemspec
I, [2014-07-05T11:50:13.760312 #29190]  INFO -- : 0:  rack-ssl (1.3.4) from /home/xavier/.rvm/gems/ruby-1.9.3-p484/specifications/rack-ssl-1.3.4.gemspec
I, [2014-07-05T11:50:13.761117 #29190]  INFO -- : 0:  rdoc (3.12.2) from /home/xavier/.rvm/gems/ruby-1.9.3-p484/specifications/rdoc-3.12.2.gemspec
I, [2014-07-05T11:50:14.723746 #29190]  INFO -- : 0:  thor (0.14.6) from /home/xavier/.rvm/gems/ruby-1.9.3-p484/specifications/thor-0.14.6.gemspec
I, [2014-07-05T11:50:17.962589 #29190]  INFO -- : 0:  railties (3.1.12) from /home/xavier/.rvm/gems/ruby-1.9.3-p484/specifications/railties-3.1.12.gemspec
I, [2014-07-05T11:50:19.054670 #29190]  INFO -- : 0:  minitest-rails (1.0.1) from /home/xavier/.rvm/gems/ruby-1.9.3-p484/specifications/minitest-rails-1.0.1.gemspec
I, [2014-07-05T11:50:19.743309 #29190]  INFO -- : 0:  rails (3.1.12) from /home/xavier/.rvm/gems/ruby-1.9.3-p484/specifications/rails-3.1.12.gemspec
I, [2014-07-05T11:50:20.613126 #29190]  INFO -- : 0:  sexp_processor (4.4.3) from /home/xavier/.rvm/gems/ruby-1.9.3-p484/specifications/sexp_processor-4.4.3.gemspec
I, [2014-07-05T11:50:22.196602 #29190]  INFO -- : 0:  ruby_parser (3.6.1) from /home/xavier/.rvm/gems/ruby-1.9.3-p484/specifications/ruby_parser-3.6.1.gemspec
I, [2014-07-05T11:50:28.276347 #29190]  INFO -- : 0:  sqlite3 (1.3.9) from /home/xavier/.rvm/gems/ruby-1.9.3-p484/specifications/sqlite3-1.3.9.gemspec
I, [2014-07-05T11:51:37.344302 #29422]  INFO -- : 0:  rake (10.3.2) from /home/xavier/.rvm/gems/ruby-1.9.3-p484/specifications/rake-10.3.2.gemspec
I, [2014-07-05T11:51:38.028122 #29422]  INFO -- : 0:  abstract (1.0.0) from /home/xavier/.rvm/gems/ruby-1.9.3-p484/specifications/abstract-1.0.0.gemspec
I, [2014-07-05T11:51:39.498275 #29422]  INFO -- : 0:  activesupport (3.0.20) from /home/xavier/.rvm/gems/ruby-1.9.3-p484/specifications/activesupport-3.0.20.gemspec
I, [2014-07-05T11:51:40.207262 #29422]  INFO -- : 0:  builder (2.1.2) from /home/xavier/.rvm/gems/ruby-1.9.3-p484/specifications/builder-2.1.2.gemspec
I, [2014-07-05T11:51:41.083901 #29422]  INFO -- : 0:  i18n (0.5.4) from /home/xavier/.rvm/gems/ruby-1.9.3-p484/specifications/i18n-0.5.4.gemspec
I, [2014-07-05T11:51:41.849222 #29422]  INFO -- : 0:  activemodel (3.0.20) from /home/xavier/.rvm/gems/ruby-1.9.3-p484/specifications/activemodel-3.0.20.gemspec
I, [2014-07-05T11:51:43.010862 #29422]  INFO -- : 0:  erubis (2.6.6) from /home/xavier/.rvm/gems/ruby-1.9.3-p484/specifications/erubis-2.6.6.gemspec
I, [2014-07-05T11:51:44.230414 #29422]  INFO -- : 0:  rack (1.2.8) from /home/xavier/.rvm/gems/ruby-1.9.3-p484/specifications/rack-1.2.8.gemspec
I, [2014-07-05T11:51:45.102052 #29422]  INFO -- : 0:  rack-mount (0.6.14) from /home/xavier/.rvm/gems/ruby-1.9.3-p484/specifications/rack-mount-0.6.14.gemspec
I, [2014-07-05T11:51:45.862083 #29422]  INFO -- : 0:  rack-test (0.5.7) from /home/xavier/.rvm/gems/ruby-1.9.3-p484/specifications/rack-test-0.5.7.gemspec
I, [2014-07-05T11:51:45.863686 #29422]  INFO -- : 0:  tzinfo (0.3.39) from /home/xavier/.rvm/gems/ruby-1.9.3-p484/specifications/tzinfo-0.3.39.gemspec
I, [2014-07-05T11:51:47.374958 #29422]  INFO -- : 0:  actionpack (3.0.20) from /home/xavier/.rvm/gems/ruby-1.9.3-p484/specifications/actionpack-3.0.20.gemspec
I, [2014-07-05T11:51:47.377013 #29422]  INFO -- : 0:  mime-types (1.25.1) from /home/xavier/.rvm/gems/ruby-1.9.3-p484/specifications/mime-types-1.25.1.gemspec
I, [2014-07-05T11:51:47.377337 #29422]  INFO -- : 0:  polyglot (0.3.5) from /home/xavier/.rvm/gems/ruby-1.9.3-p484/specifications/polyglot-0.3.5.gemspec
I, [2014-07-05T11:51:47.378594 #29422]  INFO -- : 0:  treetop (1.4.15) from /home/xavier/.rvm/gems/ruby-1.9.3-p484/specifications/treetop-1.4.15.gemspec
I, [2014-07-05T11:51:48.349493 #29422]  INFO -- : 0:  mail (2.2.20) from /home/xavier/.rvm/gems/ruby-1.9.3-p484/specifications/mail-2.2.20.gemspec
I, [2014-07-05T11:51:49.226834 #29422]  INFO -- : 0:  actionmailer (3.0.20) from /home/xavier/.rvm/gems/ruby-1.9.3-p484/specifications/actionmailer-3.0.20.gemspec
I, [2014-07-05T11:51:50.075745 #29422]  INFO -- : 0:  arel (2.0.10) from /home/xavier/.rvm/gems/ruby-1.9.3-p484/specifications/arel-2.0.10.gemspec
I, [2014-07-05T11:51:51.478423 #29422]  INFO -- : 0:  activerecord (3.0.20) from /home/xavier/.rvm/gems/ruby-1.9.3-p484/specifications/activerecord-3.0.20.gemspec
I, [2014-07-05T11:51:52.210939 #29422]  INFO -- : 0:  activeresource (3.0.20) from /home/xavier/.rvm/gems/ruby-1.9.3-p484/specifications/activeresource-3.0.20.gemspec
I, [2014-07-05T11:51:52.211735 #29422]  INFO -- : 0:  bundler (1.5.1) from /home/xavier/.rvm/gems/ruby-1.9.3-p484/specifications/bundler-1.5.1.gemspec
I, [2014-07-05T11:51:52.352991 #29422]  INFO -- : 0:  declarative_authorization (0.5.7) from /home/xavier/Dev/declarative_authorization/declarative_authorization.gemspec
I, [2014-07-05T11:51:52.353698 #29422]  INFO -- : 0:  json (1.8.1) from /home/xavier/.rvm/gems/ruby-1.9.3-p484/specifications/json-1.8.1.gemspec
I, [2014-07-05T11:51:52.353802 #29422]  INFO -- : 0:  minitest (4.7.5) from /home/xavier/.rvm/gems/ruby-1.9.3-p484/specifications/minitest-4.7.5.gemspec
I, [2014-07-05T11:51:52.354429 #29422]  INFO -- : 0:  minitest-test (1.1.0) from /home/xavier/.rvm/gems/ruby-1.9.3-p484/specifications/minitest-test-1.1.0.gemspec
I, [2014-07-05T11:51:52.355009 #29422]  INFO -- : 0:  rdoc (3.12.2) from /home/xavier/.rvm/gems/ruby-1.9.3-p484/specifications/rdoc-3.12.2.gemspec
I, [2014-07-05T11:51:52.356545 #29422]  INFO -- : 0:  thor (0.14.6) from /home/xavier/.rvm/gems/ruby-1.9.3-p484/specifications/thor-0.14.6.gemspec
I, [2014-07-05T11:51:55.831367 #29422]  INFO -- : 0:  railties (3.0.20) from /home/xavier/.rvm/gems/ruby-1.9.3-p484/specifications/railties-3.0.20.gemspec
I, [2014-07-05T11:51:55.832250 #29422]  INFO -- : 0:  minitest-rails (1.0.1) from /home/xavier/.rvm/gems/ruby-1.9.3-p484/specifications/minitest-rails-1.0.1.gemspec
I, [2014-07-05T11:51:56.672546 #29422]  INFO -- : 0:  rails (3.0.20) from /home/xavier/.rvm/gems/ruby-1.9.3-p484/specifications/rails-3.0.20.gemspec
I, [2014-07-05T11:51:56.673299 #29422]  INFO -- : 0:  sexp_processor (4.4.3) from /home/xavier/.rvm/gems/ruby-1.9.3-p484/specifications/sexp_processor-4.4.3.gemspec
I, [2014-07-05T11:51:56.673846 #29422]  INFO -- : 0:  ruby_parser (3.6.1) from /home/xavier/.rvm/gems/ruby-1.9.3-p484/specifications/ruby_parser-3.6.1.gemspec
I, [2014-07-05T11:51:56.674646 #29422]  INFO -- : 0:  sqlite3 (1.3.9) from /home/xavier/.rvm/gems/ruby-1.9.3-p484/specifications/sqlite3-1.3.9.gemspec
I, [2014-07-05T11:52:44.693290 #29458]  INFO -- : 0:  rake (0.9.2.2) from /home/xavier/.rvm/gems/ruby-1.9.3-p484@global/specifications/rake-0.9.2.2.gemspec
I, [2014-07-05T11:52:44.694139 #29458]  INFO -- : 0:  i18n (0.6.9) from /home/xavier/.rvm/gems/ruby-1.9.3-p484/specifications/i18n-0.6.9.gemspec
I, [2014-07-05T11:52:44.694715 #29458]  INFO -- : 0:  multi_json (1.8.2) from /home/xavier/.rvm/gems/ruby-1.9.3-p484/specifications/multi_json-1.8.2.gemspec
I, [2014-07-05T11:52:44.695307 #29458]  INFO -- : 0:  activesupport (3.2.16) from /home/xavier/.rvm/gems/ruby-1.9.3-p484/specifications/activesupport-3.2.16.gemspec
I, [2014-07-05T11:52:44.695857 #29458]  INFO -- : 0:  builder (3.0.4) from /home/xavier/.rvm/gems/ruby-1.9.3-p484/specifications/builder-3.0.4.gemspec
I, [2014-07-05T11:52:44.697695 #29458]  INFO -- : 0:  activemodel (3.2.16) from /home/xavier/.rvm/gems/ruby-1.9.3-p484/specifications/activemodel-3.2.16.gemspec
I, [2014-07-05T11:52:44.698638 #29458]  INFO -- : 0:  erubis (2.7.0) from /home/xavier/.rvm/gems/ruby-1.9.3-p484/specifications/erubis-2.7.0.gemspec
I, [2014-07-05T11:52:44.699439 #29458]  INFO -- : 0:  journey (1.0.4) from /home/xavier/.rvm/gems/ruby-1.9.3-p484/specifications/journey-1.0.4.gemspec
I, [2014-07-05T11:52:44.700087 #29458]  INFO -- : 0:  rack (1.4.5) from /home/xavier/.rvm/gems/ruby-1.9.3-p484/specifications/rack-1.4.5.gemspec
I, [2014-07-05T11:52:44.700968 #29458]  INFO -- : 0:  rack-cache (1.2) from /home/xavier/.rvm/gems/ruby-1.9.3-p484/specifications/rack-cache-1.2.gemspec
I, [2014-07-05T11:52:44.701550 #29458]  INFO -- : 0:  rack-test (0.6.2) from /home/xavier/.rvm/gems/ruby-1.9.3-p484/specifications/rack-test-0.6.2.gemspec
I, [2014-07-05T11:52:44.702150 #29458]  INFO -- : 0:  hike (1.2.3) from /home/xavier/.rvm/gems/ruby-1.9.3-p484/specifications/hike-1.2.3.gemspec
I, [2014-07-05T11:52:44.702923 #29458]  INFO -- : 0:  tilt (1.4.1) from /home/xavier/.rvm/gems/ruby-1.9.3-p484/specifications/tilt-1.4.1.gemspec
I, [2014-07-05T11:52:44.703485 #29458]  INFO -- : 0:  sprockets (2.2.2) from /home/xavier/.rvm/gems/ruby-1.9.3-p484/specifications/sprockets-2.2.2.gemspec
I, [2014-07-05T11:52:44.704205 #29458]  INFO -- : 0:  actionpack (3.2.16) from /home/xavier/.rvm/gems/ruby-1.9.3-p484/specifications/actionpack-3.2.16.gemspec
I, [2014-07-05T11:52:44.704803 #29458]  INFO -- : 0:  mime-types (1.25.1) from /home/xavier/.rvm/gems/ruby-1.9.3-p484/specifications/mime-types-1.25.1.gemspec
I, [2014-07-05T11:52:44.705382 #29458]  INFO -- : 0:  polyglot (0.3.3) from /home/xavier/.rvm/gems/ruby-1.9.3-p484/specifications/polyglot-0.3.3.gemspec
I, [2014-07-05T11:52:44.705495 #29458]  INFO -- : 0:  treetop (1.4.15) from /home/xavier/.rvm/gems/ruby-1.9.3-p484/specifications/treetop-1.4.15.gemspec
I, [2014-07-05T11:52:44.706024 #29458]  INFO -- : 0:  mail (2.5.4) from /home/xavier/.rvm/gems/ruby-1.9.3-p484/specifications/mail-2.5.4.gemspec
I, [2014-07-05T11:52:44.706619 #29458]  INFO -- : 0:  actionmailer (3.2.16) from /home/xavier/.rvm/gems/ruby-1.9.3-p484/specifications/actionmailer-3.2.16.gemspec
I, [2014-07-05T11:52:44.713263 #29458]  INFO -- : 0:  arel (3.0.3) from /home/xavier/.rvm/gems/ruby-1.9.3-p484/specifications/arel-3.0.3.gemspec
I, [2014-07-05T11:52:44.713821 #29458]  INFO -- : 0:  tzinfo (0.3.38) from /home/xavier/.rvm/gems/ruby-1.9.3-p484/specifications/tzinfo-0.3.38.gemspec
I, [2014-07-05T11:52:44.714457 #29458]  INFO -- : 0:  activerecord (3.2.16) from /home/xavier/.rvm/gems/ruby-1.9.3-p484/specifications/activerecord-3.2.16.gemspec
I, [2014-07-05T11:52:44.715820 #29458]  INFO -- : 0:  activeresource (3.2.16) from /home/xavier/.rvm/gems/ruby-1.9.3-p484/specifications/activeresource-3.2.16.gemspec
I, [2014-07-05T11:52:44.716843 #29458]  INFO -- : 0:  bundler (1.5.1) from /home/xavier/.rvm/gems/ruby-1.9.3-p484/specifications/bundler-1.5.1.gemspec
I, [2014-07-05T11:52:44.866979 #29458]  INFO -- : 0:  declarative_authorization (0.5.7) from /home/xavier/Dev/declarative_authorization/declarative_authorization.gemspec
I, [2014-07-05T11:52:44.867681 #29458]  INFO -- : 0:  json (1.8.1) from /home/xavier/.rvm/gems/ruby-1.9.3-p484/specifications/json-1.8.1.gemspec
I, [2014-07-05T11:52:44.868278 #29458]  INFO -- : 0:  minitest (4.7.5) from /home/xavier/.rvm/gems/ruby-1.9.3-p484/specifications/minitest-4.7.5.gemspec
I, [2014-07-05T11:52:44.868849 #29458]  INFO -- : 0:  minitest-test (1.1.0) from /home/xavier/.rvm/gems/ruby-1.9.3-p484/specifications/minitest-test-1.1.0.gemspec
I, [2014-07-05T11:52:44.869416 #29458]  INFO -- : 0:  rack-ssl (1.3.3) from /home/xavier/.rvm/gems/ruby-1.9.3-p484/specifications/rack-ssl-1.3.3.gemspec
I, [2014-07-05T11:52:44.870936 #29458]  INFO -- : 0:  rdoc (3.12.2) from /home/xavier/.rvm/gems/ruby-1.9.3-p484/specifications/rdoc-3.12.2.gemspec
I, [2014-07-05T11:52:44.871502 #29458]  INFO -- : 0:  thor (0.18.1) from /home/xavier/.rvm/gems/ruby-1.9.3-p484/specifications/thor-0.18.1.gemspec
I, [2014-07-05T11:52:44.872080 #29458]  INFO -- : 0:  railties (3.2.16) from /home/xavier/.rvm/gems/ruby-1.9.3-p484/specifications/railties-3.2.16.gemspec
I, [2014-07-05T11:52:44.872625 #29458]  INFO -- : 0:  minitest-rails (1.0.1) from /home/xavier/.rvm/gems/ruby-1.9.3-p484/specifications/minitest-rails-1.0.1.gemspec
I, [2014-07-05T11:52:44.873167 #29458]  INFO -- : 0:  rails (3.2.16) from /home/xavier/.rvm/gems/ruby-1.9.3-p484/specifications/rails-3.2.16.gemspec
I, [2014-07-05T11:52:44.873627 #29458]  INFO -- : 0:  sexp_processor (4.4.1) from /home/xavier/.rvm/gems/ruby-1.9.3-p484/specifications/sexp_processor-4.4.1.gemspec
I, [2014-07-05T11:52:44.874190 #29458]  INFO -- : 0:  ruby_parser (3.2.2) from /home/xavier/.rvm/gems/ruby-1.9.3-p484/specifications/ruby_parser-3.2.2.gemspec
I, [2014-07-05T11:52:44.874768 #29458]  INFO -- : 0:  sqlite3 (1.3.8) from /home/xavier/.rvm/gems/ruby-1.9.3-p484/specifications/sqlite3-1.3.8.gemspec
